<?xml version="1.0" encoding="UTF-8"?>
<!-- Generated by org.testng.reporters.JUnitReportReporter -->
<testsuite hostname="DESKTOP-DMBCJ4C" failures="0" tests="6" name="com.Super_Admin.TC_Project_By_Vanity_URL" time="735.209" errors="0" timestamp="2022-08-23T17:40:42 IST" skipped="0">
  <testcase classname="com.Super_Admin.TC_Project_By_Vanity_URL" name="Submit_Application" time="82.639"/>
  <system-out/>
  <testcase classname="com.Super_Admin.TC_Project_By_Vanity_URL" name="Login_to_Credit_Portal" time="7.994"/>
  <system-out/>
  <testcase classname="com.Super_Admin.TC_Project_By_Vanity_URL" name="View_Project" time="186.119"/>
  <system-out/>
  <testcase classname="com.Super_Admin.TC_Project_By_Vanity_URL" name="Contract_page" time="169.019"/>
  <system-out/>
  <testcase classname="com.Super_Admin.TC_Project_By_Vanity_URL" name="Submit_NTP" time="123.190"/>
  <system-out/>
  <testcase classname="com.Super_Admin.TC_Project_By_Vanity_URL" name="Funding_Tab" time="166.248"/>
  <system-out/>
</testsuite> <!-- com.Super_Admin.TC_Project_By_Vanity_URL -->
