<?xml version="1.0" encoding="UTF-8"?>
<!-- Generated by org.testng.reporters.JUnitReportReporter -->
<testsuite hostname="DESKTOP-DMBCJ4C" failures="0" tests="4" name="com.Super_Admin.TC_Add_Applicant_After_Submit_Contract" time="240.230" errors="0" timestamp="2022-11-29T12:21:03 IST" skipped="0">
  <testcase classname="com.Super_Admin.TC_Add_Applicant_After_Submit_Contract" name="New_Project" time="4.896"/>
  <system-out/>
  <testcase classname="com.Super_Admin.TC_Add_Applicant_After_Submit_Contract" name="Select_Contractor" time="45.552"/>
  <system-out/>
  <testcase classname="com.Super_Admin.TC_Add_Applicant_After_Submit_Contract" name="Credit_Application_Tab" time="42.460"/>
  <system-out/>
  <testcase classname="com.Super_Admin.TC_Add_Applicant_After_Submit_Contract" name="Submit_Contract" time="147.322"/>
  <system-out/>
</testsuite> <!-- com.Super_Admin.TC_Add_Applicant_After_Submit_Contract -->
