<?xml version="1.0" encoding="UTF-8"?>
<!-- Generated by org.testng.reporters.JUnitReportReporter -->
<testsuite hostname="DESKTOP-DMBCJ4C" failures="0" tests="1" name="com.Super_Admin.TC_Test_With_Two_Signer" time="158.524" errors="0" timestamp="2022-08-23T14:24:48 IST" skipped="0">
  <testcase classname="com.Super_Admin.TC_Test_With_Two_Signer" name="Submit_Contract" time="158.524"/>
  <system-out/>
</testsuite> <!-- com.Super_Admin.TC_Test_With_Two_Signer -->
