<?xml version="1.0" encoding="UTF-8"?>
<!-- Generated by org.testng.reporters.JUnitReportReporter -->
<testsuite hostname="DESKTOP-DMBCJ4C" failures="0" tests="8" name="com.Super_Admin.PACE_FL_Increasing_price_at_COC" time="898.602" errors="0" timestamp="2022-11-28T13:11:36 IST" skipped="0">
  <testcase classname="com.Super_Admin.PACE_FL_Increasing_price_at_COC" name="New_Project" time="6.709"/>
  <system-out/>
  <testcase classname="com.Super_Admin.PACE_FL_Increasing_price_at_COC" name="Select_Contractor" time="56.793"/>
  <system-out/>
  <testcase classname="com.Super_Admin.PACE_FL_Increasing_price_at_COC" name="Credit_Application_Tab" time="48.332"/>
  <system-out/>
  <testcase classname="com.Super_Admin.PACE_FL_Increasing_price_at_COC" name="Login_to_Credit_Portal" time="8.988"/>
  <system-out/>
  <testcase classname="com.Super_Admin.PACE_FL_Increasing_price_at_COC" name="View_Project" time="184.377"/>
  <system-out/>
  <testcase classname="com.Super_Admin.PACE_FL_Increasing_price_at_COC" name="Submit_Contract" time="148.391"/>
  <system-out/>
  <testcase classname="com.Super_Admin.PACE_FL_Increasing_price_at_COC" name="Submit_NTP" time="218.008"/>
  <system-out/>
  <testcase classname="com.Super_Admin.PACE_FL_Increasing_price_at_COC" name="Funding_Tab" time="227.004"/>
  <system-out/>
</testsuite> <!-- com.Super_Admin.PACE_FL_Increasing_price_at_COC -->
