<?xml version="1.0" encoding="UTF-8"?>
<!-- Generated by org.testng.reporters.JUnitReportReporter -->
<testsuite hostname="DESKTOP-DMBCJ4C" failures="0" tests="3" name="com.Super_Admin.TC_Doc_Sign_History" time="111.881" errors="0" timestamp="2022-08-01T11:08:41 IST" skipped="0">
  <testcase classname="com.Super_Admin.TC_Doc_Sign_History" name="Search_Project" time="10.534"/>
  <system-out/>
  <testcase classname="com.Super_Admin.TC_Doc_Sign_History" name="Doc_Sign_History" time="4.404"/>
  <system-out/>
  <testcase classname="com.Super_Admin.TC_Doc_Sign_History" name="Activity_Logs" time="96.943"/>
  <system-out/>
</testsuite> <!-- com.Super_Admin.TC_Doc_Sign_History -->
