<?xml version="1.0" encoding="UTF-8"?>
<!-- Generated by org.testng.reporters.JUnitReportReporter -->
<testsuite hostname="DESKTOP-DMBCJ4C" failures="0" tests="8" name="com.Super_Admin.PACE_MO_Decrease_Price_at_COC" time="797.218" errors="0" timestamp="2022-11-29T11:32:43 IST" skipped="0">
  <testcase classname="com.Super_Admin.PACE_MO_Decrease_Price_at_COC" name="New_Project" time="7.331"/>
  <system-out/>
  <testcase classname="com.Super_Admin.PACE_MO_Decrease_Price_at_COC" name="Select_Contractor" time="52.845"/>
  <system-out/>
  <testcase classname="com.Super_Admin.PACE_MO_Decrease_Price_at_COC" name="Credit_Application_Tab" time="47.763"/>
  <system-out/>
  <testcase classname="com.Super_Admin.PACE_MO_Decrease_Price_at_COC" name="Login_to_Credit_Portal" time="8.921"/>
  <system-out/>
  <testcase classname="com.Super_Admin.PACE_MO_Decrease_Price_at_COC" name="View_Project" time="183.911"/>
  <system-out/>
  <testcase classname="com.Super_Admin.PACE_MO_Decrease_Price_at_COC" name="Submit_Contract" time="135.708"/>
  <system-out/>
  <testcase classname="com.Super_Admin.PACE_MO_Decrease_Price_at_COC" name="Submit_NTP" time="184.863"/>
  <system-out/>
  <testcase classname="com.Super_Admin.PACE_MO_Decrease_Price_at_COC" name="Funding_Tab" time="175.876"/>
  <system-out/>
</testsuite> <!-- com.Super_Admin.PACE_MO_Decrease_Price_at_COC -->
