<?xml version="1.0" encoding="UTF-8"?>
<!-- Generated by org.testng.reporters.JUnitReportReporter -->
<testsuite hostname="DESKTOP-DMBCJ4C" failures="0" tests="1" name="com.Super_Admin.TC_Login_Test" time="6.653" errors="0" timestamp="2022-12-07T14:23:39 IST" skipped="0">
  <testcase classname="com.Super_Admin.TC_Login_Test" name="Admin_Login" time="6.653"/>
  <system-out/>
</testsuite> <!-- com.Super_Admin.TC_Login_Test -->
