<?xml version="1.0" encoding="UTF-8"?>
<!-- Generated by org.testng.reporters.JUnitReportReporter -->
<testsuite hostname="DESKTOP-DMBCJ4C" failures="0" tests="1" name="com.Super_Admin.PACE_CA_Project_Test" time="167.313" errors="0" timestamp="2022-11-28T11:01:19 IST" skipped="0">
  <testcase classname="com.Super_Admin.PACE_CA_Project_Test" name="Funding_Tab" time="167.313"/>
  <system-out/>
</testsuite> <!-- com.Super_Admin.PACE_CA_Project_Test -->
