<?xml version="1.0" encoding="UTF-8"?>
<!-- Generated by org.testng.reporters.JUnitReportReporter -->
<testsuite hostname="DESKTOP-DMBCJ4C" failures="0" tests="6" name="com.Super_Admin.TC_Test_With_Two_Signer" time="632.009" errors="0" timestamp="2022-07-20T18:03:23 IST" skipped="0">
  <testcase classname="com.Super_Admin.TC_Test_With_Two_Signer" name="New_Project" time="4.528"/>
  <system-out/>
  <testcase classname="com.Super_Admin.TC_Test_With_Two_Signer" name="Select_Contractor" time="53.265"/>
  <system-out/>
  <testcase classname="com.Super_Admin.TC_Test_With_Two_Signer" name="Credit_Application_Tab" time="114.690"/>
  <system-out/>
  <testcase classname="com.Super_Admin.TC_Test_With_Two_Signer" name="Login_to_Credit_Portal" time="7.638"/>
  <system-out/>
  <testcase classname="com.Super_Admin.TC_Test_With_Two_Signer" name="View_Project" time="264.804"/>
  <system-out/>
  <testcase classname="com.Super_Admin.TC_Test_With_Two_Signer" name="Submit_Contract" time="187.084"/>
  <system-out/>
</testsuite> <!-- com.Super_Admin.TC_Test_With_Two_Signer -->
