<?xml version="1.0" encoding="UTF-8"?>
<!-- Generated by org.testng.reporters.JUnitReportReporter -->
<testsuite hostname="DESKTOP-DMBCJ4C" failures="0" tests="8" name="com.Super_Admin.TC_UNS_Non_Solar_Project" time="737.636" errors="0" timestamp="2022-12-01T15:00:25 IST" skipped="0">
  <testcase classname="com.Super_Admin.TC_UNS_Non_Solar_Project" name="New_Project" time="4.758"/>
  <system-out/>
  <testcase classname="com.Super_Admin.TC_UNS_Non_Solar_Project" name="Select_Contractor" time="40.489"/>
  <system-out/>
  <testcase classname="com.Super_Admin.TC_UNS_Non_Solar_Project" name="Credit_Application_Tab" time="49.177"/>
  <system-out/>
  <testcase classname="com.Super_Admin.TC_UNS_Non_Solar_Project" name="Login_to_Credit_Portal" time="7.978"/>
  <system-out/>
  <testcase classname="com.Super_Admin.TC_UNS_Non_Solar_Project" name="View_UNS_Solar_Project" time="163.352"/>
  <system-out/>
  <testcase classname="com.Super_Admin.TC_UNS_Non_Solar_Project" name="Submit_UNS_Solar_Contract" time="154.133"/>
  <system-out/>
  <testcase classname="com.Super_Admin.TC_UNS_Non_Solar_Project" name="Submit_NTP" time="136.106"/>
  <system-out/>
  <testcase classname="com.Super_Admin.TC_UNS_Non_Solar_Project" name="Funding_Tab" time="181.643"/>
  <system-out/>
</testsuite> <!-- com.Super_Admin.TC_UNS_Non_Solar_Project -->
