<?xml version="1.0" encoding="UTF-8"?>
<!-- Generated by org.testng.reporters.JUnitReportReporter -->
<testsuite hostname="DESKTOP-DMBCJ4C" failures="0" tests="6" name="com.Super_Admin.UNS_Solar_FL_Vanity_URL_Project" time="731.694" errors="0" timestamp="2022-12-01T15:19:13 IST" skipped="0">
  <testcase classname="com.Super_Admin.UNS_Solar_FL_Vanity_URL_Project" name="Submit_Application" time="78.904"/>
  <system-out/>
  <testcase classname="com.Super_Admin.UNS_Solar_FL_Vanity_URL_Project" name="Login_to_Credit_Portal" time="9.049"/>
  <system-out/>
  <testcase classname="com.Super_Admin.UNS_Solar_FL_Vanity_URL_Project" name="View_Project" time="184.675"/>
  <system-out/>
  <testcase classname="com.Super_Admin.UNS_Solar_FL_Vanity_URL_Project" name="Contract_page" time="173.314"/>
  <system-out/>
  <testcase classname="com.Super_Admin.UNS_Solar_FL_Vanity_URL_Project" name="Submit_NTP" time="129.653"/>
  <system-out/>
  <testcase classname="com.Super_Admin.UNS_Solar_FL_Vanity_URL_Project" name="Funding_Tab" time="156.099"/>
  <system-out/>
</testsuite> <!-- com.Super_Admin.UNS_Solar_FL_Vanity_URL_Project -->
