<?xml version="1.0" encoding="UTF-8"?>
<!-- Generated by org.testng.reporters.JUnitReportReporter -->
<testsuite hostname="DESKTOP-DMBCJ4C" failures="0" tests="1" name="com.Super_Admin.TC_Login_Test" time="11.601" errors="0" timestamp="2022-08-05T10:40:39 IST" skipped="0">
  <testcase classname="com.Super_Admin.TC_Login_Test" name="Admin_Login" time="11.601"/>
  <system-out/>
</testsuite> <!-- com.Super_Admin.TC_Login_Test -->
