<?xml version="1.0" encoding="UTF-8"?>
<!-- Generated by org.testng.reporters.JUnitReportReporter -->
<testsuite hostname="DESKTOP-DMBCJ4C" failures="0" tests="4" name="com.Super_Admin.TC_Add_Bank" time="191.471" errors="0" timestamp="2022-11-29T16:03:35 IST" skipped="0">
  <testcase classname="com.Super_Admin.TC_Add_Bank" name="New_Project" time="4.303"/>
  <system-out/>
  <testcase classname="com.Super_Admin.TC_Add_Bank" name="Select_Contractor" time="53.086"/>
  <system-out/>
  <testcase classname="com.Super_Admin.TC_Add_Bank" name="Credit_Application_Tab" time="86.273"/>
  <system-out/>
  <testcase classname="com.Super_Admin.TC_Add_Bank" name="Add_Bank_From_More_Menu" time="47.809"/>
  <system-out/>
</testsuite> <!-- com.Super_Admin.TC_Add_Bank -->
