<?xml version="1.0" encoding="UTF-8"?>
<!-- Generated by org.testng.reporters.JUnitReportReporter -->
<testsuite hostname="DESKTOP-DMBCJ4C" failures="0" tests="4" name="com.Super_Admin.TC_Add_Applicant_After_Submit_Contract" time="243.212" errors="0" timestamp="2022-12-01T15:00:25 IST" skipped="0">
  <testcase classname="com.Super_Admin.TC_Add_Applicant_After_Submit_Contract" name="New_Project" time="4.920"/>
  <system-out/>
  <testcase classname="com.Super_Admin.TC_Add_Applicant_After_Submit_Contract" name="Select_Contractor" time="45.132"/>
  <system-out/>
  <testcase classname="com.Super_Admin.TC_Add_Applicant_After_Submit_Contract" name="Credit_Application_Tab" time="42.434"/>
  <system-out/>
  <testcase classname="com.Super_Admin.TC_Add_Applicant_After_Submit_Contract" name="Submit_Contract" time="150.726"/>
  <system-out/>
</testsuite> <!-- com.Super_Admin.TC_Add_Applicant_After_Submit_Contract -->
