<?xml version="1.0" encoding="UTF-8"?>
<!-- Generated by org.testng.reporters.JUnitReportReporter -->
<testsuite hostname="DESKTOP-DMBCJ4C" failures="0" tests="5" name="com.Super_Admin.TC_Income_Reminder" time="129.191" errors="0" timestamp="2022-10-07T14:15:26 IST" skipped="0">
  <testcase classname="com.Super_Admin.TC_Income_Reminder" name="New_Project" time="4.805"/>
  <system-out/>
  <testcase classname="com.Super_Admin.TC_Income_Reminder" name="Select_Contractor" time="47.341"/>
  <system-out/>
  <testcase classname="com.Super_Admin.TC_Income_Reminder" name="Credit_Application_Tab" time="50.645"/>
  <system-out/>
  <testcase classname="com.Super_Admin.TC_Income_Reminder" name="Login_to_Credit_Portal" time="9.515"/>
  <system-out/>
  <testcase classname="com.Super_Admin.TC_Income_Reminder" name="View_UNS_Project" time="16.885"/>
  <system-out/>
</testsuite> <!-- com.Super_Admin.TC_Income_Reminder -->
