<?xml version="1.0" encoding="UTF-8"?>
<!-- Generated by org.testng.reporters.JUnitReportReporter -->
<testsuite hostname="DESKTOP-DMBCJ4C" failures="0" tests="4" name="com.Super_Admin.TC_Sign_on_browser_mail_and_reminder_function" time="216.092" errors="0" timestamp="2022-12-01T15:06:04 IST" skipped="0">
  <testcase classname="com.Super_Admin.TC_Sign_on_browser_mail_and_reminder_function" name="New_Project" time="4.838"/>
  <system-out/>
  <testcase classname="com.Super_Admin.TC_Sign_on_browser_mail_and_reminder_function" name="Select_Contractor" time="59.233"/>
  <system-out/>
  <testcase classname="com.Super_Admin.TC_Sign_on_browser_mail_and_reminder_function" name="Credit_Application_Tab" time="48.459"/>
  <system-out/>
  <testcase classname="com.Super_Admin.TC_Sign_on_browser_mail_and_reminder_function" name="Submit_UNS_Contract" time="103.562"/>
  <system-out/>
</testsuite> <!-- com.Super_Admin.TC_Sign_on_browser_mail_and_reminder_function -->
