<?xml version="1.0" encoding="UTF-8"?>
<!-- Generated by org.testng.reporters.JUnitReportReporter -->
<testsuite hostname="DESKTOP-DMBCJ4C" failures="0" tests="8" name="com.Super_Admin.TC_Create_PACE_Project_Test" time="819.152" errors="0" timestamp="2022-07-27T15:04:47 IST" skipped="0">
  <testcase classname="com.Super_Admin.TC_Create_PACE_Project_Test" name="New_Project" time="4.855"/>
  <system-out/>
  <testcase classname="com.Super_Admin.TC_Create_PACE_Project_Test" name="Select_Contractor" time="45.057"/>
  <system-out/>
  <testcase classname="com.Super_Admin.TC_Create_PACE_Project_Test" name="Credit_Application_Tab" time="46.972"/>
  <system-out/>
  <testcase classname="com.Super_Admin.TC_Create_PACE_Project_Test" name="Login_to_Credit_Portal" time="8.218"/>
  <system-out/>
  <testcase classname="com.Super_Admin.TC_Create_PACE_Project_Test" name="View_Project" time="184.153"/>
  <system-out/>
  <testcase classname="com.Super_Admin.TC_Create_PACE_Project_Test" name="Submit_Contract" time="133.247"/>
  <system-out/>
  <testcase classname="com.Super_Admin.TC_Create_PACE_Project_Test" name="Submit_NTP" time="223.399"/>
  <system-out/>
  <testcase classname="com.Super_Admin.TC_Create_PACE_Project_Test" name="Funding_Tab" time="173.251"/>
  <system-out/>
</testsuite> <!-- com.Super_Admin.TC_Create_PACE_Project_Test -->
