<?xml version="1.0" encoding="UTF-8"?>
<!-- Generated by org.testng.reporters.JUnitReportReporter -->
<testsuite hostname="DESKTOP-DMBCJ4C" failures="0" tests="3" name="com.Super_Admin.TC_Doc_Sign_History" time="91.432" errors="0" timestamp="2022-09-21T12:42:34 IST" skipped="0">
  <testcase classname="com.Super_Admin.TC_Doc_Sign_History" name="Search_Project" time="8.390"/>
  <system-out/>
  <testcase classname="com.Super_Admin.TC_Doc_Sign_History" name="Doc_Sign_History" time="5.575"/>
  <system-out/>
  <testcase classname="com.Super_Admin.TC_Doc_Sign_History" name="Activity_Logs" time="77.467"/>
  <system-out/>
</testsuite> <!-- com.Super_Admin.TC_Doc_Sign_History -->
