<?xml version="1.0" encoding="UTF-8"?>
<!-- Generated by org.testng.reporters.JUnitReportReporter -->
<testsuite hostname="DESKTOP-DMBCJ4C" failures="0" tests="4" name="com.Super_Admin.TC_Add_Bank" time="186.623" errors="0" timestamp="2022-12-07T12:35:36 IST" skipped="0">
  <testcase classname="com.Super_Admin.TC_Add_Bank" name="New_Project" time="4.559"/>
  <system-out/>
  <testcase classname="com.Super_Admin.TC_Add_Bank" name="Select_Contractor" time="50.069"/>
  <system-out/>
  <testcase classname="com.Super_Admin.TC_Add_Bank" name="Credit_Application_Tab" time="84.625"/>
  <system-out/>
  <testcase classname="com.Super_Admin.TC_Add_Bank" name="Add_Bank_From_More_Menu" time="47.370"/>
  <system-out/>
</testsuite> <!-- com.Super_Admin.TC_Add_Bank -->
