<?xml version="1.0" encoding="UTF-8"?>
<!-- Generated by org.testng.reporters.JUnitReportReporter -->
<testsuite hostname="DESKTOP-DMBCJ4C" failures="0" tests="8" name="com.Super_Admin.TC_Increasing_price_at_COC" time="879.757" errors="0" timestamp="2022-08-23T17:15:42 IST" skipped="0">
  <testcase classname="com.Super_Admin.TC_Increasing_price_at_COC" name="New_Project" time="6.864"/>
  <system-out/>
  <testcase classname="com.Super_Admin.TC_Increasing_price_at_COC" name="Select_Contractor" time="52.880"/>
  <system-out/>
  <testcase classname="com.Super_Admin.TC_Increasing_price_at_COC" name="Credit_Application_Tab" time="50.935"/>
  <system-out/>
  <testcase classname="com.Super_Admin.TC_Increasing_price_at_COC" name="Login_to_Credit_Portal" time="9.287"/>
  <system-out/>
  <testcase classname="com.Super_Admin.TC_Increasing_price_at_COC" name="View_Project" time="193.133"/>
  <system-out/>
  <testcase classname="com.Super_Admin.TC_Increasing_price_at_COC" name="Submit_Contract" time="167.576"/>
  <system-out/>
  <testcase classname="com.Super_Admin.TC_Increasing_price_at_COC" name="Submit_NTP" time="188.989"/>
  <system-out/>
  <testcase classname="com.Super_Admin.TC_Increasing_price_at_COC" name="Funding_Tab" time="210.093"/>
  <system-out/>
</testsuite> <!-- com.Super_Admin.TC_Increasing_price_at_COC -->
