<?xml version="1.0" encoding="UTF-8"?>
<!-- Generated by org.testng.reporters.JUnitReportReporter -->
<testsuite hostname="DESKTOP-DMBCJ4C" failures="0" tests="8" name="com.Super_Admin.TC_UNS_Non_Solar_Project" time="880.548" errors="0" timestamp="2022-11-22T15:51:57 IST" skipped="0">
  <testcase classname="com.Super_Admin.TC_UNS_Non_Solar_Project" name="New_Project" time="5.142"/>
  <system-out/>
  <testcase classname="com.Super_Admin.TC_UNS_Non_Solar_Project" name="Select_Contractor" time="49.296"/>
  <system-out/>
  <testcase classname="com.Super_Admin.TC_UNS_Non_Solar_Project" name="Credit_Application_Tab" time="49.215"/>
  <system-out/>
  <testcase classname="com.Super_Admin.TC_UNS_Non_Solar_Project" name="Login_to_Credit_Portal" time="25.586"/>
  <system-out/>
  <testcase classname="com.Super_Admin.TC_UNS_Non_Solar_Project" name="View_UNS_Solar_Project" time="174.957"/>
  <system-out/>
  <testcase classname="com.Super_Admin.TC_UNS_Non_Solar_Project" name="Submit_UNS_Solar_Contract" time="135.951"/>
  <system-out/>
  <testcase classname="com.Super_Admin.TC_UNS_Non_Solar_Project" name="Submit_NTP" time="136.426"/>
  <system-out/>
  <testcase classname="com.Super_Admin.TC_UNS_Non_Solar_Project" name="Funding_Tab" time="303.975"/>
  <system-out/>
</testsuite> <!-- com.Super_Admin.TC_UNS_Non_Solar_Project -->
