<?xml version="1.0" encoding="UTF-8"?>
<!-- Generated by org.testng.reporters.JUnitReportReporter -->
<testsuite hostname="DESKTOP-DMBCJ4C" failures="0" tests="3" name="com.Super_Admin.TC_Doc_Sign_History" time="90.941" errors="0" timestamp="2022-09-19T15:37:25 IST" skipped="0">
  <testcase classname="com.Super_Admin.TC_Doc_Sign_History" name="Search_Project" time="8.463"/>
  <system-out/>
  <testcase classname="com.Super_Admin.TC_Doc_Sign_History" name="Doc_Sign_History" time="5.242"/>
  <system-out/>
  <testcase classname="com.Super_Admin.TC_Doc_Sign_History" name="Activity_Logs" time="77.236"/>
  <system-out/>
</testsuite> <!-- com.Super_Admin.TC_Doc_Sign_History -->
