<?xml version="1.0" encoding="UTF-8"?>
<!-- Generated by org.testng.reporters.JUnitReportReporter -->
<testsuite hostname="DESKTOP-DMBCJ4C" failures="0" tests="8" name="com.Super_Admin.TC_Special_Offer_Project" time="817.094" errors="0" timestamp="2022-07-20T18:03:23 IST" skipped="0">
  <testcase classname="com.Super_Admin.TC_Special_Offer_Project" name="New_Project" time="4.513"/>
  <system-out/>
  <testcase classname="com.Super_Admin.TC_Special_Offer_Project" name="Select_Contractor" time="42.631"/>
  <system-out/>
  <testcase classname="com.Super_Admin.TC_Special_Offer_Project" name="Credit_Application_Tab" time="46.685"/>
  <system-out/>
  <testcase classname="com.Super_Admin.TC_Special_Offer_Project" name="Login_to_Credit_Portal" time="9.516"/>
  <system-out/>
  <testcase classname="com.Super_Admin.TC_Special_Offer_Project" name="View_UNS_Project" time="220.503"/>
  <system-out/>
  <testcase classname="com.Super_Admin.TC_Special_Offer_Project" name="Submit_SO_Contract" time="179.038"/>
  <system-out/>
  <testcase classname="com.Super_Admin.TC_Special_Offer_Project" name="Submit_NTP" time="150.477"/>
  <system-out/>
  <testcase classname="com.Super_Admin.TC_Special_Offer_Project" name="Funding_Tab" time="163.731"/>
  <system-out/>
</testsuite> <!-- com.Super_Admin.TC_Special_Offer_Project -->
