<?xml version="1.0" encoding="UTF-8"?>
<!-- Generated by org.testng.reporters.JUnitReportReporter -->
<testsuite hostname="DESKTOP-DMBCJ4C" failures="0" tests="1" name="com.Super_Admin.TC_UNS_Solar_Project" time="172.917" errors="0" timestamp="2022-11-22T14:10:54 IST" skipped="0">
  <testcase classname="com.Super_Admin.TC_UNS_Solar_Project" name="Funding_Tab" time="172.917"/>
  <system-out/>
</testsuite> <!-- com.Super_Admin.TC_UNS_Solar_Project -->
