<?xml version="1.0" encoding="UTF-8"?>
<!-- Generated by org.testng.reporters.JUnitReportReporter -->
<testsuite hostname="DESKTOP-DMBCJ4C" failures="0" tests="5" name="com.Super_Admin.TC_Income_Reminder" time="121.178" errors="0" timestamp="2022-07-20T18:03:23 IST" skipped="0">
  <testcase classname="com.Super_Admin.TC_Income_Reminder" name="New_Project" time="4.460"/>
  <system-out/>
  <testcase classname="com.Super_Admin.TC_Income_Reminder" name="Select_Contractor" time="44.690"/>
  <system-out/>
  <testcase classname="com.Super_Admin.TC_Income_Reminder" name="Credit_Application_Tab" time="47.689"/>
  <system-out/>
  <testcase classname="com.Super_Admin.TC_Income_Reminder" name="Login_to_Credit_Portal" time="8.424"/>
  <system-out/>
  <testcase classname="com.Super_Admin.TC_Income_Reminder" name="View_UNS_Project" time="15.915"/>
  <system-out/>
</testsuite> <!-- com.Super_Admin.TC_Income_Reminder -->
