<?xml version="1.0" encoding="UTF-8"?>
<!-- Generated by org.testng.reporters.JUnitReportReporter -->
<testsuite hostname="DESKTOP-DMBCJ4C" failures="0" tests="8" name="com.Super_Admin.TC_UNS_Project" time="736.944" errors="0" timestamp="2022-07-20T18:03:23 IST" skipped="0">
  <testcase classname="com.Super_Admin.TC_UNS_Project" name="New_Project" time="5.487"/>
  <system-out/>
  <testcase classname="com.Super_Admin.TC_UNS_Project" name="Select_Contractor" time="58.520"/>
  <system-out/>
  <testcase classname="com.Super_Admin.TC_UNS_Project" name="Credit_Application_Tab" time="57.025"/>
  <system-out/>
  <testcase classname="com.Super_Admin.TC_UNS_Project" name="Login_to_Credit_Portal" time="10.567"/>
  <system-out/>
  <testcase classname="com.Super_Admin.TC_UNS_Project" name="View_UNS_Project" time="170.728"/>
  <system-out/>
  <testcase classname="com.Super_Admin.TC_UNS_Project" name="Submit_UNS_Contract" time="126.441"/>
  <system-out/>
  <testcase classname="com.Super_Admin.TC_UNS_Project" name="Submit_NTP" time="124.233"/>
  <system-out/>
  <testcase classname="com.Super_Admin.TC_UNS_Project" name="Funding_Tab" time="183.943"/>
  <system-out/>
</testsuite> <!-- com.Super_Admin.TC_UNS_Project -->
