<?xml version="1.0" encoding="UTF-8"?>
<!-- Generated by org.testng.reporters.JUnitReportReporter -->
<testsuite hostname="DESKTOP-DMBCJ4C" failures="0" tests="4" name="com.Super_Admin.TC_Add_Applicant_After_Submit_Contract" time="226.586" errors="0" timestamp="2022-07-20T18:03:23 IST" skipped="0">
  <testcase classname="com.Super_Admin.TC_Add_Applicant_After_Submit_Contract" name="New_Project" time="5.005"/>
  <system-out/>
  <testcase classname="com.Super_Admin.TC_Add_Applicant_After_Submit_Contract" name="Select_Contractor" time="43.936"/>
  <system-out/>
  <testcase classname="com.Super_Admin.TC_Add_Applicant_After_Submit_Contract" name="Credit_Application_Tab" time="42.582"/>
  <system-out/>
  <testcase classname="com.Super_Admin.TC_Add_Applicant_After_Submit_Contract" name="Submit_Contract" time="135.063"/>
  <system-out/>
</testsuite> <!-- com.Super_Admin.TC_Add_Applicant_After_Submit_Contract -->
