<?xml version="1.0" encoding="UTF-8"?>
<!-- Generated by org.testng.reporters.JUnitReportReporter -->
<testsuite hostname="DESKTOP-DMBCJ4C" failures="0" tests="3" name="com.Super_Admin.TC_Special_Offer_Project" time="497.504" errors="0" timestamp="2022-07-29T10:26:57 IST" skipped="0">
  <testcase classname="com.Super_Admin.TC_Special_Offer_Project" name="Submit_SO_Contract" time="174.087"/>
  <system-out/>
  <testcase classname="com.Super_Admin.TC_Special_Offer_Project" name="Submit_NTP" time="152.849"/>
  <system-out/>
  <testcase classname="com.Super_Admin.TC_Special_Offer_Project" name="Funding_Tab" time="170.568"/>
  <system-out/>
</testsuite> <!-- com.Super_Admin.TC_Special_Offer_Project -->
