<?xml version="1.0" encoding="UTF-8"?>
<!-- Generated by org.testng.reporters.JUnitReportReporter -->
<testsuite hostname="DESKTOP-DMBCJ4C" failures="0" tests="3" name="com.Super_Admin.TC_Doc_Sign_History" time="91.890" errors="0" timestamp="2022-10-07T13:00:29 IST" skipped="0">
  <testcase classname="com.Super_Admin.TC_Doc_Sign_History" name="Search_Project" time="8.468"/>
  <system-out/>
  <testcase classname="com.Super_Admin.TC_Doc_Sign_History" name="Doc_Sign_History" time="5.594"/>
  <system-out/>
  <testcase classname="com.Super_Admin.TC_Doc_Sign_History" name="Activity_Logs" time="77.828"/>
  <system-out/>
</testsuite> <!-- com.Super_Admin.TC_Doc_Sign_History -->
