<?xml version="1.0" encoding="UTF-8"?>
<!-- Generated by org.testng.reporters.JUnitReportReporter -->
<testsuite hostname="DESKTOP-DMBCJ4C" failures="0" tests="8" name="com.Super_Admin.TC_Create_PACE_Project_Test" time="843.998" errors="0" timestamp="2022-08-23T15:20:06 IST" skipped="0">
  <testcase classname="com.Super_Admin.TC_Create_PACE_Project_Test" name="New_Project" time="5.295"/>
  <system-out/>
  <testcase classname="com.Super_Admin.TC_Create_PACE_Project_Test" name="Select_Contractor" time="59.806"/>
  <system-out/>
  <testcase classname="com.Super_Admin.TC_Create_PACE_Project_Test" name="Credit_Application_Tab" time="51.275"/>
  <system-out/>
  <testcase classname="com.Super_Admin.TC_Create_PACE_Project_Test" name="Login_to_Credit_Portal" time="11.919"/>
  <system-out/>
  <testcase classname="com.Super_Admin.TC_Create_PACE_Project_Test" name="View_Project" time="184.897"/>
  <system-out/>
  <testcase classname="com.Super_Admin.TC_Create_PACE_Project_Test" name="Submit_Contract" time="135.650"/>
  <system-out/>
  <testcase classname="com.Super_Admin.TC_Create_PACE_Project_Test" name="Submit_NTP" time="219.467"/>
  <system-out/>
  <testcase classname="com.Super_Admin.TC_Create_PACE_Project_Test" name="Funding_Tab" time="175.689"/>
  <system-out/>
</testsuite> <!-- com.Super_Admin.TC_Create_PACE_Project_Test -->
