<?xml version="1.0" encoding="UTF-8"?>
<!-- Generated by org.testng.reporters.JUnitReportReporter -->
<testsuite hostname="DESKTOP-DMBCJ4C" failures="0" tests="6" name="com.Super_Admin.TC_Test_With_Two_Signer" time="697.080" errors="0" timestamp="2022-12-01T15:00:25 IST" skipped="0">
  <testcase classname="com.Super_Admin.TC_Test_With_Two_Signer" name="New_Project" time="5.317"/>
  <system-out/>
  <testcase classname="com.Super_Admin.TC_Test_With_Two_Signer" name="Select_Contractor" time="46.721"/>
  <system-out/>
  <testcase classname="com.Super_Admin.TC_Test_With_Two_Signer" name="Credit_Application_Tab" time="117.353"/>
  <system-out/>
  <testcase classname="com.Super_Admin.TC_Test_With_Two_Signer" name="Login_to_Credit_Portal" time="12.493"/>
  <system-out/>
  <testcase classname="com.Super_Admin.TC_Test_With_Two_Signer" name="View_Project" time="265.588"/>
  <system-out/>
  <testcase classname="com.Super_Admin.TC_Test_With_Two_Signer" name="Submit_Contract" time="249.608"/>
  <system-out/>
</testsuite> <!-- com.Super_Admin.TC_Test_With_Two_Signer -->
