<?xml version="1.0" encoding="UTF-8"?>
<!-- Generated by org.testng.reporters.JUnitReportReporter -->
<testsuite hostname="DESKTOP-DMBCJ4C" failures="0" tests="4" name="com.Super_Admin.TC_Sign_on_browser_mail_and_reminder_function" time="174.105" errors="0" timestamp="2022-07-20T18:03:23 IST" skipped="0">
  <testcase classname="com.Super_Admin.TC_Sign_on_browser_mail_and_reminder_function" name="New_Project" time="4.512"/>
  <system-out/>
  <testcase classname="com.Super_Admin.TC_Sign_on_browser_mail_and_reminder_function" name="Select_Contractor" time="45.726"/>
  <system-out/>
  <testcase classname="com.Super_Admin.TC_Sign_on_browser_mail_and_reminder_function" name="Credit_Application_Tab" time="49.330"/>
  <system-out/>
  <testcase classname="com.Super_Admin.TC_Sign_on_browser_mail_and_reminder_function" name="Submit_UNS_Contract" time="74.537"/>
  <system-out/>
</testsuite> <!-- com.Super_Admin.TC_Sign_on_browser_mail_and_reminder_function -->
