<?xml version="1.0" encoding="UTF-8"?>
<!-- Generated by org.testng.reporters.JUnitReportReporter -->
<testsuite hostname="DESKTOP-DMBCJ4C" failures="0" tests="3" name="com.Super_Admin.TC_Delete_Applicant_In_Mobile_App" time="131.988" errors="0" timestamp="2022-07-20T18:03:23 IST" skipped="0">
  <testcase classname="com.Super_Admin.TC_Delete_Applicant_In_Mobile_App" name="New_Project" time="4.502"/>
  <system-out/>
  <testcase classname="com.Super_Admin.TC_Delete_Applicant_In_Mobile_App" name="Select_Contractor" time="45.665"/>
  <system-out/>
  <testcase classname="com.Super_Admin.TC_Delete_Applicant_In_Mobile_App" name="Credit_Application_Tab" time="81.821"/>
  <system-out/>
</testsuite> <!-- com.Super_Admin.TC_Delete_Applicant_In_Mobile_App -->
