<?xml version="1.0" encoding="UTF-8"?>
<!-- Generated by org.testng.reporters.JUnitReportReporter -->
<testsuite hostname="DESKTOP-DMBCJ4C" failures="0" tests="8" name="com.Super_Admin.PACE_MO_Decrease_Price_at_COC" time="817.913" errors="0" timestamp="2022-12-01T12:48:35 IST" skipped="0">
  <testcase classname="com.Super_Admin.PACE_MO_Decrease_Price_at_COC" name="New_Project" time="6.607"/>
  <system-out/>
  <testcase classname="com.Super_Admin.PACE_MO_Decrease_Price_at_COC" name="Select_Contractor" time="48.964"/>
  <system-out/>
  <testcase classname="com.Super_Admin.PACE_MO_Decrease_Price_at_COC" name="Credit_Application_Tab" time="48.313"/>
  <system-out/>
  <testcase classname="com.Super_Admin.PACE_MO_Decrease_Price_at_COC" name="Login_to_Credit_Portal" time="9.042"/>
  <system-out/>
  <testcase classname="com.Super_Admin.PACE_MO_Decrease_Price_at_COC" name="View_Project" time="184.926"/>
  <system-out/>
  <testcase classname="com.Super_Admin.PACE_MO_Decrease_Price_at_COC" name="Submit_Contract" time="157.313"/>
  <system-out/>
  <testcase classname="com.Super_Admin.PACE_MO_Decrease_Price_at_COC" name="Submit_NTP" time="185.920"/>
  <system-out/>
  <testcase classname="com.Super_Admin.PACE_MO_Decrease_Price_at_COC" name="Funding_Tab" time="176.828"/>
  <system-out/>
</testsuite> <!-- com.Super_Admin.PACE_MO_Decrease_Price_at_COC -->
