<?xml version="1.0" encoding="UTF-8"?>
<!-- Generated by org.testng.reporters.JUnitReportReporter -->
<testsuite hostname="DESKTOP-DMBCJ4C" failures="0" tests="8" name="com.Super_Admin.TC_Create_PACE_Project_Test" time="884.848" errors="0" timestamp="2022-10-17T15:16:05 IST" skipped="0">
  <testcase classname="com.Super_Admin.TC_Create_PACE_Project_Test" name="New_Project" time="5.844"/>
  <system-out/>
  <testcase classname="com.Super_Admin.TC_Create_PACE_Project_Test" name="Select_Contractor" time="46.609"/>
  <system-out/>
  <testcase classname="com.Super_Admin.TC_Create_PACE_Project_Test" name="Credit_Application_Tab" time="49.346"/>
  <system-out/>
  <testcase classname="com.Super_Admin.TC_Create_PACE_Project_Test" name="Login_to_Credit_Portal" time="8.523"/>
  <system-out/>
  <testcase classname="com.Super_Admin.TC_Create_PACE_Project_Test" name="View_Project" time="180.833"/>
  <system-out/>
  <testcase classname="com.Super_Admin.TC_Create_PACE_Project_Test" name="Submit_Contract" time="133.720"/>
  <system-out/>
  <testcase classname="com.Super_Admin.TC_Create_PACE_Project_Test" name="Submit_NTP" time="224.935"/>
  <system-out/>
  <testcase classname="com.Super_Admin.TC_Create_PACE_Project_Test" name="Funding_Tab" time="235.038"/>
  <system-out/>
</testsuite> <!-- com.Super_Admin.TC_Create_PACE_Project_Test -->
